<?xml version="1.0" encoding="UTF-8"?>
<!-- Generated by org.testng.reporters.JUnitReportReporter -->
<testsuite hostname="Meghanas-MacBook-Pro.local" failures="0" tests="1" name="com.training.testcases.LoginTest" time="59.635" errors="0" timestamp="2024-07-19T12:44:38 PDT" skipped="0">
  <testcase classname="com.training.testcases.LoginTest" name="invalidLogin" time="59.635"/>
</testsuite> <!-- com.training.testcases.LoginTest -->
